<?xml version="1.0" encoding="UTF-8"?>
<!-- Generated by org.testng.reporters.JUnitReportReporter -->
<testsuite hostname="Jamil" failures="0" tests="5" name="com.tests.HomePageTest" time="1.684" errors="0" timestamp="20 Apr 2023 22:08:47 GMT" skipped="0">
  <testcase classname="com.tests.HomePageTest" name="searchTest" time="0.548"/>
  <testcase classname="com.tests.HomePageTest" name="homePageTitleTest" time="0.015"/>
  <testcase classname="com.tests.HomePageTest" name="searchTest" time="0.628"/>
  <testcase classname="com.tests.HomePageTest" name="searchTest" time="0.492"/>
  <testcase classname="com.tests.HomePageTest" name="homePageURLTest" time="0.001"/>
</testsuite> <!-- com.tests.HomePageTest -->
