<?xml version="1.0" encoding="UTF-8"?>
<!-- Generated by org.testng.reporters.JUnitReportReporter -->
<testsuite hostname="Jamil" failures="0" tests="5" name="com.qa.tests.HomePageTest" time="1.652" errors="0" timestamp="25 Apr 2023 23:39:41 GMT" skipped="0">
  <testcase classname="com.qa.tests.HomePageTest" name="homePageTitleTest" time="0.031"/>
  <testcase classname="com.qa.tests.HomePageTest" name="searchTest" time="0.551"/>
  <testcase classname="com.qa.tests.HomePageTest" name="homePageURLTest" time="0.003"/>
  <testcase classname="com.qa.tests.HomePageTest" name="searchTest" time="0.535"/>
  <testcase classname="com.qa.tests.HomePageTest" name="searchTest" time="0.532"/>
</testsuite> <!-- com.qa.tests.HomePageTest -->
